生成启动时间为 2014/7/12 20:10:30。
     1>项目“F:\BIT\学习\最优化\最优化大作业 要求+讲解+代码\Schedule\Schedule\Schedule.vcxproj”在节点 2 上(Build 个目标)。
     1>ClCompile:
         D:\VS2013\VC\bin\CL.exe /c /ZI /nologo /W3 /WX- /Od /Oy- /D WIN32 /D _DEBUG /D _CONSOLE /D _UNICODE /D UNICODE /Gm /EHsc /RTC1 /MDd /GS /fp:precise /Zc:wchar_t /Zc:forScope /Fo"Debug\\" /Fd"Debug\vc120.pdb" /Gd /TP /analyze- /errorReport:prompt Encode.cpp Job.cpp Machine.cpp main.cpp
         main.cpp
     1>f:\bit\学习\最优化\最优化大作业 要求+讲解+代码\schedule\schedule\main.cpp(11): warning C4005: “N”: 宏重定义
                 f:\bit\学习\最优化\最优化大作业 要求+讲解+代码\schedule\schedule\job.h(2) : 参见“N”的前一个定义
     1>f:\bit\学习\最优化\最优化大作业 要求+讲解+代码\schedule\schedule\main.cpp(26): warning C4018: “<”: 有符号/无符号不匹配
         正在生成代码...
         正在编译...
         Machine.cpp
         Job.cpp
         Encode.cpp
         正在生成代码...
     1>f:\bit\学习\最优化\最优化大作业 要求+讲解+代码\schedule\schedule\machine.cpp(57): warning C4715: “Machine::StartOperate”: 不是所有的控件路径都返回值
       Link:
         D:\VS2013\VC\bin\link.exe /ERRORREPORT:PROMPT /OUT:"F:\BIT\学习\最优化\最优化大作业 要求+讲解+代码\Schedule\Debug\Schedule.exe" /INCREMENTAL:NO /NOLOGO kernel32.lib user32.lib gdi32.lib winspool.lib comdlg32.lib advapi32.lib shell32.lib ole32.lib oleaut32.lib uuid.lib odbc32.lib odbccp32.lib /MANIFEST /MANIFESTUAC:"level='asInvoker' uiAccess='false'" /manifest:embed /DEBUG /PDB:"F:\BIT\学习\最优化\最优化大作业 要求+讲解+代码\Schedule\Debug\Schedule.pdb" /SUBSYSTEM:CONSOLE /TLBID:1 /DYNAMICBASE /NXCOMPAT /IMPLIB:"F:\BIT\学习\最优化\最优化大作业 要求+讲解+代码\Schedule\Debug\Schedule.lib" /MACHINE:X86 Debug\Encode.obj
         Debug\Job.obj
         Debug\Machine.obj
         Debug\main.obj
     1>Encode.obj : warning LNK4075: 忽略“/EDITANDCONTINUE”(由于“/OPT:LBR”规范)
         Schedule.vcxproj -> F:\BIT\学习\最优化\最优化大作业 要求+讲解+代码\Schedule\Debug\Schedule.exe
     1>已完成生成项目“F:\BIT\学习\最优化\最优化大作业 要求+讲解+代码\Schedule\Schedule\Schedule.vcxproj”(Build 个目标)的操作。

生成成功。

已用时间 00:00:02.28
